<?xml version="1.0" encoding="UTF-8"?>
<testsuite xmlns:xsi="http://www.w3.org/2001/XMLSchema-instance" xsi:noNamespaceSchemaLocation="https://maven.apache.org/surefire/maven-surefire-plugin/xsd/surefire-test-report.xsd" version="3.0.2" name="com.satyam.ShopSphereClientApplicationTests" time="74.244" tests="1" errors="0" skipped="0" failures="0" flakes="0">
  <properties>
[...]
</properties>
  <testcase name="contextLoads" classname="com.satyam.ShopSphereClientApplicationTests" time="27.24">
    <system-out><![CDATA[17:37:38.620 [main] INFO org.springframework.test.context.support.AnnotationConfigContextLoaderUtils -- Could not detect default configuration classes for test class [com.satyam.ShopSphereClientApplicationTests]: ShopSphereClientApplicationTests does not declare any static, non-private, non-final, nested classes annotated with @Configuration.
17:37:39.429 [main] INFO org.springframework.boot.test.context.SpringBootTestContextBootstrapper -- Found @SpringBootConfiguration com.satyam.ShopSphereClientApplication for test class com.satyam.ShopSphereClientApplicationTests
17:37:40.361 [main] INFO org.springframework.boot.devtools.restart.RestartApplicationListener -- Restart disabled due to context in which it is running

  .   ____          _            __ _ _
 /\\ / ___'_ __ _ _(_)_ __  __ _ \ \ \ \
( ( )\___ | '_ | '_| | '_ \/ _` | \ \ \ \
 \\/  ___)| |_)| | | | | || (_| |  ) ) ) )
  '  |____| .__|_| |_|_| |_\__, | / / / /
 =========|_|==============|___/=/_/_/_/

 :: Spring Boot ::               (v3.5.14)

2026-05-13T17:37:47.393+05:30  INFO 57834 --- [ShopSphere-Client] [           main] c.s.ShopSphereClientApplicationTests     : Starting ShopSphereClientApplicationTests using Java 17.0.1 with PID 57834 (started by satyam in /Users/satyam/Documents/workspace-spring-tools-for-eclipse-5.1.1.RELEASE/ShopSphere-Client)
2026-05-13T17:37:47.424+05:30  INFO 57834 --- [ShopSphere-Client] [           main] c.s.ShopSphereClientApplicationTests     : No active profile set, falling back to 1 default profile: "default"
2026-05-13T17:38:14.940+05:30  INFO 57834 --- [ShopSphere-Client] [           main] o.s.b.a.w.s.WelcomePageHandlerMapping    : Adding welcome page template: index
2026-05-13T17:38:24.348+05:30  INFO 57834 --- [ShopSphere-Client] [           main] c.s.ShopSphereClientApplicationTests     : Started ShopSphereClientApplicationTests in 44.047 seconds (process running for 47.823)
]]></system-out>
  </testcase>
</testsuite>